::1 - - [13/Aug/2021:07:20:32 +0000] "GET / HTTP/1.1" 304 - "http://localhost:3000/" "Mozilla/5.0 (X11; Linux x86_64) AppleWebKit/537.36 (KHTML, like Gecko) Chrome/91.0.4472.106 Safari/537.36"
::1 - - [13/Aug/2021:07:20:33 +0000] "GET / HTTP/1.1" 304 - "http://localhost:3000/" "Mozilla/5.0 (X11; Linux x86_64) AppleWebKit/537.36 (KHTML, like Gecko) Chrome/91.0.4472.106 Safari/537.36"
::1 - - [13/Aug/2021:07:20:33 +0000] "GET / HTTP/1.1" 304 - "http://localhost:3000/" "Mozilla/5.0 (X11; Linux x86_64) AppleWebKit/537.36 (KHTML, like Gecko) Chrome/91.0.4472.106 Safari/537.36"
::1 - - [13/Aug/2021:07:20:33 +0000] "GET / HTTP/1.1" 304 - "http://localhost:3000/" "Mozilla/5.0 (X11; Linux x86_64) AppleWebKit/537.36 (KHTML, like Gecko) Chrome/91.0.4472.106 Safari/537.36"
::1 - - [13/Aug/2021:07:20:34 +0000] "GET / HTTP/1.1" 304 - "http://localhost:3000/" "Mozilla/5.0 (X11; Linux x86_64) AppleWebKit/537.36 (KHTML, like Gecko) Chrome/91.0.4472.106 Safari/537.36"
::1 - - [13/Aug/2021:14:59:04 +0000] "GET / HTTP/1.1" 304 - "http://localhost:3000/" "Mozilla/5.0 (X11; Linux x86_64) AppleWebKit/537.36 (KHTML, like Gecko) Chrome/91.0.4472.106 Safari/537.36"
::1 - - [13/Aug/2021:14:59:04 +0000] "GET / HTTP/1.1" 304 - "http://localhost:3000/" "Mozilla/5.0 (X11; Linux x86_64) AppleWebKit/537.36 (KHTML, like Gecko) Chrome/91.0.4472.106 Safari/537.36"
::1 - - [13/Aug/2021:14:59:05 +0000] "GET / HTTP/1.1" 304 - "http://localhost:3000/" "Mozilla/5.0 (X11; Linux x86_64) AppleWebKit/537.36 (KHTML, like Gecko) Chrome/91.0.4472.106 Safari/537.36"
::1 - - [13/Aug/2021:14:59:41 +0000] "GET / HTTP/1.1" 304 - "http://localhost:3000/" "Mozilla/5.0 (X11; Linux x86_64) AppleWebKit/537.36 (KHTML, like Gecko) Chrome/91.0.4472.106 Safari/537.36"
::1 - - [13/Aug/2021:15:01:41 +0000] "GET / HTTP/1.1" 304 - "http://localhost:3000/" "Mozilla/5.0 (X11; Linux x86_64) AppleWebKit/537.36 (KHTML, like Gecko) Chrome/91.0.4472.106 Safari/537.36"
::1 - - [25/Aug/2021:12:37:05 +0000] "GET / HTTP/1.1" 304 - "http://localhost:3000/" "Mozilla/5.0 (X11; Linux x86_64) AppleWebKit/537.36 (KHTML, like Gecko) Chrome/92.0.4515.131 Safari/537.36"
::1 - - [25/Aug/2021:12:37:06 +0000] "GET / HTTP/1.1" 304 - "http://localhost:3000/" "Mozilla/5.0 (X11; Linux x86_64) AppleWebKit/537.36 (KHTML, like Gecko) Chrome/92.0.4515.131 Safari/537.36"
::1 - - [25/Aug/2021:12:37:07 +0000] "GET / HTTP/1.1" 304 - "http://localhost:3000/" "Mozilla/5.0 (X11; Linux x86_64) AppleWebKit/537.36 (KHTML, like Gecko) Chrome/92.0.4515.131 Safari/537.36"
::1 - - [25/Aug/2021:12:37:08 +0000] "GET / HTTP/1.1" 304 - "http://localhost:3000/" "Mozilla/5.0 (X11; Linux x86_64) AppleWebKit/537.36 (KHTML, like Gecko) Chrome/92.0.4515.131 Safari/537.36"
::1 - - [25/Aug/2021:12:37:09 +0000] "GET /users/sign-in HTTP/1.1" 304 - "http://localhost:3000/" "Mozilla/5.0 (X11; Linux x86_64) AppleWebKit/537.36 (KHTML, like Gecko) Chrome/92.0.4515.131 Safari/537.36"
::1 - - [25/Aug/2021:12:37:12 +0000] "GET /users/sign-in HTTP/1.1" 304 - "http://localhost:3000/users/sign-in" "Mozilla/5.0 (X11; Linux x86_64) AppleWebKit/537.36 (KHTML, like Gecko) Chrome/92.0.4515.131 Safari/537.36"
::1 - - [25/Aug/2021:12:37:13 +0000] "GET /users/sign-up HTTP/1.1" 200 2227 "http://localhost:3000/users/sign-in" "Mozilla/5.0 (X11; Linux x86_64) AppleWebKit/537.36 (KHTML, like Gecko) Chrome/92.0.4515.131 Safari/537.36"
::1 - - [25/Aug/2021:12:37:14 +0000] "GET /users/sign-up HTTP/1.1" 304 - "http://localhost:3000/users/sign-up" "Mozilla/5.0 (X11; Linux x86_64) AppleWebKit/537.36 (KHTML, like Gecko) Chrome/92.0.4515.131 Safari/537.36"
::1 - - [25/Aug/2021:12:37:16 +0000] "GET /users/sign-in HTTP/1.1" 304 - "http://localhost:3000/users/sign-up" "Mozilla/5.0 (X11; Linux x86_64) AppleWebKit/537.36 (KHTML, like Gecko) Chrome/92.0.4515.131 Safari/537.36"
::1 - - [25/Aug/2021:12:37:21 +0000] "GET / HTTP/1.1" 304 - "http://localhost:3000/users/sign-in" "Mozilla/5.0 (X11; Linux x86_64) AppleWebKit/537.36 (KHTML, like Gecko) Chrome/92.0.4515.131 Safari/537.36"
::1 - - [25/Aug/2021:12:37:22 +0000] "GET /users/sign-in HTTP/1.1" 304 - "http://localhost:3000/" "Mozilla/5.0 (X11; Linux x86_64) AppleWebKit/537.36 (KHTML, like Gecko) Chrome/92.0.4515.131 Safari/537.36"
::1 - - [25/Aug/2021:12:37:29 +0000] "POST /users/create-session HTTP/1.1" 302 72 "http://localhost:3000/users/sign-in" "Mozilla/5.0 (X11; Linux x86_64) AppleWebKit/537.36 (KHTML, like Gecko) Chrome/92.0.4515.131 Safari/537.36"
::1 - - [25/Aug/2021:12:37:29 +0000] "GET /users/sign-in HTTP/1.1" 200 2397 "http://localhost:3000/users/sign-in" "Mozilla/5.0 (X11; Linux x86_64) AppleWebKit/537.36 (KHTML, like Gecko) Chrome/92.0.4515.131 Safari/537.36"
::1 - - [25/Aug/2021:12:37:35 +0000] "POST /users/create-session HTTP/1.1" 302 72 "http://localhost:3000/users/sign-in" "Mozilla/5.0 (X11; Linux x86_64) AppleWebKit/537.36 (KHTML, like Gecko) Chrome/92.0.4515.131 Safari/537.36"
::1 - - [25/Aug/2021:12:37:35 +0000] "GET /users/sign-in HTTP/1.1" 304 - "http://localhost:3000/users/sign-in" "Mozilla/5.0 (X11; Linux x86_64) AppleWebKit/537.36 (KHTML, like Gecko) Chrome/92.0.4515.131 Safari/537.36"
::1 - - [25/Aug/2021:12:37:40 +0000] "POST /users/create-session HTTP/1.1" 302 72 "http://localhost:3000/users/sign-in" "Mozilla/5.0 (X11; Linux x86_64) AppleWebKit/537.36 (KHTML, like Gecko) Chrome/92.0.4515.131 Safari/537.36"
::1 - - [25/Aug/2021:12:37:40 +0000] "GET /users/sign-in HTTP/1.1" 304 - "http://localhost:3000/users/sign-in" "Mozilla/5.0 (X11; Linux x86_64) AppleWebKit/537.36 (KHTML, like Gecko) Chrome/92.0.4515.131 Safari/537.36"
::1 - - [25/Aug/2021:12:37:47 +0000] "POST /users/create-session HTTP/1.1" 302 72 "http://localhost:3000/users/sign-in" "Mozilla/5.0 (X11; Linux x86_64) AppleWebKit/537.36 (KHTML, like Gecko) Chrome/92.0.4515.131 Safari/537.36"
::1 - - [25/Aug/2021:12:37:47 +0000] "GET /users/sign-in HTTP/1.1" 304 - "http://localhost:3000/users/sign-in" "Mozilla/5.0 (X11; Linux x86_64) AppleWebKit/537.36 (KHTML, like Gecko) Chrome/92.0.4515.131 Safari/537.36"
::1 - - [25/Aug/2021:12:37:51 +0000] "POST /users/create-session HTTP/1.1" 302 72 "http://localhost:3000/users/sign-in" "Mozilla/5.0 (X11; Linux x86_64) AppleWebKit/537.36 (KHTML, like Gecko) Chrome/92.0.4515.131 Safari/537.36"
::1 - - [25/Aug/2021:12:37:51 +0000] "GET /users/sign-in HTTP/1.1" 304 - "http://localhost:3000/users/sign-in" "Mozilla/5.0 (X11; Linux x86_64) AppleWebKit/537.36 (KHTML, like Gecko) Chrome/92.0.4515.131 Safari/537.36"
::1 - - [25/Aug/2021:12:38:00 +0000] "POST /users/create-session HTTP/1.1" 302 72 "http://localhost:3000/users/sign-in" "Mozilla/5.0 (X11; Linux x86_64) AppleWebKit/537.36 (KHTML, like Gecko) Chrome/92.0.4515.131 Safari/537.36"
::1 - - [25/Aug/2021:12:38:01 +0000] "GET /users/sign-in HTTP/1.1" 304 - "http://localhost:3000/users/sign-in" "Mozilla/5.0 (X11; Linux x86_64) AppleWebKit/537.36 (KHTML, like Gecko) Chrome/92.0.4515.131 Safari/537.36"
::1 - - [25/Aug/2021:12:38:06 +0000] "GET / HTTP/1.1" 304 - "http://localhost:3000/users/sign-in" "Mozilla/5.0 (X11; Linux x86_64) AppleWebKit/537.36 (KHTML, like Gecko) Chrome/92.0.4515.131 Safari/537.36"
::1 - - [25/Aug/2021:12:47:58 +0000] "GET / HTTP/1.1" 304 - "http://localhost:3000/users/sign-in" "Mozilla/5.0 (X11; Linux x86_64) AppleWebKit/537.36 (KHTML, like Gecko) Chrome/92.0.4515.131 Safari/537.36"
::1 - - [25/Aug/2021:12:49:05 +0000] "GET /users/sign-in HTTP/1.1" 200 2130 "http://localhost:3000/" "Mozilla/5.0 (X11; Linux x86_64) AppleWebKit/537.36 (KHTML, like Gecko) Chrome/92.0.4515.131 Safari/537.36"
::1 - - [25/Aug/2021:12:49:08 +0000] "GET /users/auth/google HTTP/1.1" 302 0 "http://localhost:3000/users/sign-in" "Mozilla/5.0 (X11; Linux x86_64) AppleWebKit/537.36 (KHTML, like Gecko) Chrome/92.0.4515.131 Safari/537.36"
::1 - - [25/Aug/2021:12:49:18 +0000] "POST /users/create-session HTTP/1.1" 302 72 "http://localhost:3000/users/sign-in" "Mozilla/5.0 (X11; Linux x86_64) AppleWebKit/537.36 (KHTML, like Gecko) Chrome/92.0.4515.131 Safari/537.36"
::1 - - [25/Aug/2021:12:49:18 +0000] "GET /users/sign-in HTTP/1.1" 200 2397 "http://localhost:3000/users/sign-in" "Mozilla/5.0 (X11; Linux x86_64) AppleWebKit/537.36 (KHTML, like Gecko) Chrome/92.0.4515.131 Safari/537.36"
::1 - - [25/Aug/2021:12:49:22 +0000] "GET /users/sign-up HTTP/1.1" 304 - "http://localhost:3000/users/sign-in" "Mozilla/5.0 (X11; Linux x86_64) AppleWebKit/537.36 (KHTML, like Gecko) Chrome/92.0.4515.131 Safari/537.36"
::1 - - [25/Aug/2021:12:49:33 +0000] "POST /users/create HTTP/1.1" 302 72 "http://localhost:3000/users/sign-up" "Mozilla/5.0 (X11; Linux x86_64) AppleWebKit/537.36 (KHTML, like Gecko) Chrome/92.0.4515.131 Safari/537.36"
::1 - - [25/Aug/2021:12:49:33 +0000] "GET /users/sign-in HTTP/1.1" 200 2399 "http://localhost:3000/users/sign-up" "Mozilla/5.0 (X11; Linux x86_64) AppleWebKit/537.36 (KHTML, like Gecko) Chrome/92.0.4515.131 Safari/537.36"
::1 - - [25/Aug/2021:12:49:37 +0000] "POST /users/create-session HTTP/1.1" 302 46 "http://localhost:3000/users/sign-in" "Mozilla/5.0 (X11; Linux x86_64) AppleWebKit/537.36 (KHTML, like Gecko) Chrome/92.0.4515.131 Safari/537.36"
::1 - - [25/Aug/2021:12:49:37 +0000] "GET / HTTP/1.1" 200 5675 "http://localhost:3000/users/sign-in" "Mozilla/5.0 (X11; Linux x86_64) AppleWebKit/537.36 (KHTML, like Gecko) Chrome/92.0.4515.131 Safari/537.36"
::1 - - [25/Aug/2021:15:30:53 +0000] "GET / HTTP/1.1" 200 4306 "http://localhost:3000/users/sign-in" "Mozilla/5.0 (X11; Linux x86_64) AppleWebKit/537.36 (KHTML, like Gecko) Chrome/92.0.4515.131 Safari/537.36"
::1 - - [25/Aug/2021:15:30:55 +0000] "GET / HTTP/1.1" 304 - "http://localhost:3000/users/sign-in" "Mozilla/5.0 (X11; Linux x86_64) AppleWebKit/537.36 (KHTML, like Gecko) Chrome/92.0.4515.131 Safari/537.36"
::1 - - [25/Aug/2021:15:30:55 +0000] "GET / HTTP/1.1" 304 - "http://localhost:3000/users/sign-in" "Mozilla/5.0 (X11; Linux x86_64) AppleWebKit/537.36 (KHTML, like Gecko) Chrome/92.0.4515.131 Safari/537.36"
::1 - - [25/Aug/2021:15:30:57 +0000] "GET / HTTP/1.1" 304 - "http://localhost:3000/users/sign-in" "Mozilla/5.0 (X11; Linux x86_64) AppleWebKit/537.36 (KHTML, like Gecko) Chrome/92.0.4515.131 Safari/537.36"
::1 - - [25/Aug/2021:15:32:45 +0000] "GET / HTTP/1.1" 304 - "http://localhost:3000/users/sign-in" "Mozilla/5.0 (X11; Linux x86_64) AppleWebKit/537.36 (KHTML, like Gecko) Chrome/92.0.4515.131 Safari/537.36"
::1 - - [25/Aug/2021:15:32:47 +0000] "GET / HTTP/1.1" 304 - "http://localhost:3000/users/sign-in" "Mozilla/5.0 (X11; Linux x86_64) AppleWebKit/537.36 (KHTML, like Gecko) Chrome/92.0.4515.131 Safari/537.36"
::1 - - [25/Aug/2021:15:32:47 +0000] "GET / HTTP/1.1" 304 - "http://localhost:3000/users/sign-in" "Mozilla/5.0 (X11; Linux x86_64) AppleWebKit/537.36 (KHTML, like Gecko) Chrome/92.0.4515.131 Safari/537.36"
::1 - - [25/Aug/2021:15:32:47 +0000] "GET / HTTP/1.1" 304 - "http://localhost:3000/users/sign-in" "Mozilla/5.0 (X11; Linux x86_64) AppleWebKit/537.36 (KHTML, like Gecko) Chrome/92.0.4515.131 Safari/537.36"
::1 - - [25/Aug/2021:15:32:47 +0000] "GET / HTTP/1.1" 304 - "http://localhost:3000/users/sign-in" "Mozilla/5.0 (X11; Linux x86_64) AppleWebKit/537.36 (KHTML, like Gecko) Chrome/92.0.4515.131 Safari/537.36"
::1 - - [25/Aug/2021:15:34:31 +0000] "GET / HTTP/1.1" 304 - "http://localhost:3000/users/sign-in" "Mozilla/5.0 (X11; Linux x86_64) AppleWebKit/537.36 (KHTML, like Gecko) Chrome/92.0.4515.131 Safari/537.36"
::1 - - [25/Aug/2021:15:34:32 +0000] "GET / HTTP/1.1" 304 - "http://localhost:3000/users/sign-in" "Mozilla/5.0 (X11; Linux x86_64) AppleWebKit/537.36 (KHTML, like Gecko) Chrome/92.0.4515.131 Safari/537.36"
::1 - - [25/Aug/2021:15:34:32 +0000] "GET / HTTP/1.1" 304 - "http://localhost:3000/users/sign-in" "Mozilla/5.0 (X11; Linux x86_64) AppleWebKit/537.36 (KHTML, like Gecko) Chrome/92.0.4515.131 Safari/537.36"
::1 - - [25/Aug/2021:15:34:32 +0000] "GET / HTTP/1.1" 304 - "http://localhost:3000/users/sign-in" "Mozilla/5.0 (X11; Linux x86_64) AppleWebKit/537.36 (KHTML, like Gecko) Chrome/92.0.4515.131 Safari/537.36"
::1 - - [25/Aug/2021:15:34:33 +0000] "GET / HTTP/1.1" 304 - "http://localhost:3000/users/sign-in" "Mozilla/5.0 (X11; Linux x86_64) AppleWebKit/537.36 (KHTML, like Gecko) Chrome/92.0.4515.131 Safari/537.36"
::1 - - [25/Aug/2021:15:39:00 +0000] "GET / HTTP/1.1" 200 16794 "http://localhost:3000/users/sign-in" "Mozilla/5.0 (X11; Linux x86_64) AppleWebKit/537.36 (KHTML, like Gecko) Chrome/92.0.4515.131 Safari/537.36"
::1 - - [25/Aug/2021:15:41:26 +0000] "GET / HTTP/1.1" 200 4306 "http://localhost:3000/users/sign-in" "Mozilla/5.0 (X11; Linux x86_64) AppleWebKit/537.36 (KHTML, like Gecko) Chrome/92.0.4515.131 Safari/537.36"
[0mGET / [32m200[0m 97.108 ms - 16794[0m
::1 - - [25/Aug/2021:15:43:02 +0000] "GET / HTTP/1.1" 200 4306 "http://localhost:3000/users/sign-in" "Mozilla/5.0 (X11; Linux x86_64) AppleWebKit/537.36 (KHTML, like Gecko) Chrome/92.0.4515.131 Safari/537.36"
::1 - - [26/Aug/2021:06:22:25 +0000] "GET / HTTP/1.1" 304 - "http://localhost:3000/users/sign-in" "Mozilla/5.0 (X11; Linux x86_64) AppleWebKit/537.36 (KHTML, like Gecko) Chrome/92.0.4515.131 Safari/537.36"
::1 - - [26/Aug/2021:06:22:25 +0000] "GET /css/layout.css HTTP/1.1" 404 153 "http://localhost:3000/" "Mozilla/5.0 (X11; Linux x86_64) AppleWebKit/537.36 (KHTML, like Gecko) Chrome/92.0.4515.131 Safari/537.36"
::1 - - [26/Aug/2021:06:22:25 +0000] "GET /css/header.css HTTP/1.1" 404 153 "http://localhost:3000/" "Mozilla/5.0 (X11; Linux x86_64) AppleWebKit/537.36 (KHTML, like Gecko) Chrome/92.0.4515.131 Safari/537.36"
::1 - - [26/Aug/2021:06:22:25 +0000] "GET /css/home.css HTTP/1.1" 404 151 "http://localhost:3000/" "Mozilla/5.0 (X11; Linux x86_64) AppleWebKit/537.36 (KHTML, like Gecko) Chrome/92.0.4515.131 Safari/537.36"
::1 - - [26/Aug/2021:06:22:25 +0000] "GET /css/chat_box.css HTTP/1.1" 404 155 "http://localhost:3000/" "Mozilla/5.0 (X11; Linux x86_64) AppleWebKit/537.36 (KHTML, like Gecko) Chrome/92.0.4515.131 Safari/537.36"
::1 - - [26/Aug/2021:06:22:25 +0000] "GET /js/home_post_comments.js HTTP/1.1" 404 163 "http://localhost:3000/" "Mozilla/5.0 (X11; Linux x86_64) AppleWebKit/537.36 (KHTML, like Gecko) Chrome/92.0.4515.131 Safari/537.36"
::1 - - [26/Aug/2021:06:22:25 +0000] "GET /css/footer.css HTTP/1.1" 404 153 "http://localhost:3000/" "Mozilla/5.0 (X11; Linux x86_64) AppleWebKit/537.36 (KHTML, like Gecko) Chrome/92.0.4515.131 Safari/537.36"
::1 - - [26/Aug/2021:06:22:25 +0000] "GET /js/home_posts.js HTTP/1.1" 404 155 "http://localhost:3000/" "Mozilla/5.0 (X11; Linux x86_64) AppleWebKit/537.36 (KHTML, like Gecko) Chrome/92.0.4515.131 Safari/537.36"
::1 - - [26/Aug/2021:06:22:25 +0000] "GET /js/chat_engine.js HTTP/1.1" 404 156 "http://localhost:3000/" "Mozilla/5.0 (X11; Linux x86_64) AppleWebKit/537.36 (KHTML, like Gecko) Chrome/92.0.4515.131 Safari/537.36"
::1 - - [26/Aug/2021:06:22:25 +0000] "GET /js/toggle_likes.js HTTP/1.1" 404 157 "http://localhost:3000/" "Mozilla/5.0 (X11; Linux x86_64) AppleWebKit/537.36 (KHTML, like Gecko) Chrome/92.0.4515.131 Safari/537.36"
::1 - - [26/Aug/2021:06:22:25 +0000] "GET /js/chat_engine.js HTTP/1.1" 404 156 "http://localhost:3000/" "Mozilla/5.0 (X11; Linux x86_64) AppleWebKit/537.36 (KHTML, like Gecko) Chrome/92.0.4515.131 Safari/537.36"
::1 - - [26/Aug/2021:06:22:28 +0000] "GET / HTTP/1.1" 304 - "http://localhost:3000/users/sign-in" "Mozilla/5.0 (X11; Linux x86_64) AppleWebKit/537.36 (KHTML, like Gecko) Chrome/92.0.4515.131 Safari/537.36"
::1 - - [26/Aug/2021:06:22:28 +0000] "GET /css/layout.css HTTP/1.1" 404 153 "http://localhost:3000/" "Mozilla/5.0 (X11; Linux x86_64) AppleWebKit/537.36 (KHTML, like Gecko) Chrome/92.0.4515.131 Safari/537.36"
::1 - - [26/Aug/2021:06:22:28 +0000] "GET /css/header.css HTTP/1.1" 404 153 "http://localhost:3000/" "Mozilla/5.0 (X11; Linux x86_64) AppleWebKit/537.36 (KHTML, like Gecko) Chrome/92.0.4515.131 Safari/537.36"
::1 - - [26/Aug/2021:06:22:28 +0000] "GET /css/footer.css HTTP/1.1" 404 153 "http://localhost:3000/" "Mozilla/5.0 (X11; Linux x86_64) AppleWebKit/537.36 (KHTML, like Gecko) Chrome/92.0.4515.131 Safari/537.36"
::1 - - [26/Aug/2021:06:22:28 +0000] "GET /css/home.css HTTP/1.1" 404 151 "http://localhost:3000/" "Mozilla/5.0 (X11; Linux x86_64) AppleWebKit/537.36 (KHTML, like Gecko) Chrome/92.0.4515.131 Safari/537.36"
::1 - - [26/Aug/2021:06:22:28 +0000] "GET /css/chat_box.css HTTP/1.1" 404 155 "http://localhost:3000/" "Mozilla/5.0 (X11; Linux x86_64) AppleWebKit/537.36 (KHTML, like Gecko) Chrome/92.0.4515.131 Safari/537.36"
::1 - - [26/Aug/2021:06:22:28 +0000] "GET /js/home_post_comments.js HTTP/1.1" 404 163 "http://localhost:3000/" "Mozilla/5.0 (X11; Linux x86_64) AppleWebKit/537.36 (KHTML, like Gecko) Chrome/92.0.4515.131 Safari/537.36"
::1 - - [26/Aug/2021:06:22:28 +0000] "GET /js/home_posts.js HTTP/1.1" 404 155 "http://localhost:3000/" "Mozilla/5.0 (X11; Linux x86_64) AppleWebKit/537.36 (KHTML, like Gecko) Chrome/92.0.4515.131 Safari/537.36"
::1 - - [26/Aug/2021:06:22:28 +0000] "GET /js/toggle_likes.js HTTP/1.1" 404 157 "http://localhost:3000/" "Mozilla/5.0 (X11; Linux x86_64) AppleWebKit/537.36 (KHTML, like Gecko) Chrome/92.0.4515.131 Safari/537.36"
::1 - - [26/Aug/2021:06:22:28 +0000] "GET /js/chat_engine.js HTTP/1.1" 404 156 "http://localhost:3000/" "Mozilla/5.0 (X11; Linux x86_64) AppleWebKit/537.36 (KHTML, like Gecko) Chrome/92.0.4515.131 Safari/537.36"
::1 - - [26/Aug/2021:06:22:29 +0000] "GET / HTTP/1.1" 304 - "http://localhost:3000/users/sign-in" "Mozilla/5.0 (X11; Linux x86_64) AppleWebKit/537.36 (KHTML, like Gecko) Chrome/92.0.4515.131 Safari/537.36"
::1 - - [26/Aug/2021:06:22:29 +0000] "GET /css/layout.css HTTP/1.1" 404 153 "http://localhost:3000/" "Mozilla/5.0 (X11; Linux x86_64) AppleWebKit/537.36 (KHTML, like Gecko) Chrome/92.0.4515.131 Safari/537.36"
::1 - - [26/Aug/2021:06:22:29 +0000] "GET /css/header.css HTTP/1.1" 404 153 "http://localhost:3000/" "Mozilla/5.0 (X11; Linux x86_64) AppleWebKit/537.36 (KHTML, like Gecko) Chrome/92.0.4515.131 Safari/537.36"
::1 - - [26/Aug/2021:06:22:29 +0000] "GET /css/footer.css HTTP/1.1" 404 153 "http://localhost:3000/" "Mozilla/5.0 (X11; Linux x86_64) AppleWebKit/537.36 (KHTML, like Gecko) Chrome/92.0.4515.131 Safari/537.36"
::1 - - [26/Aug/2021:06:22:29 +0000] "GET /css/home.css HTTP/1.1" 404 151 "http://localhost:3000/" "Mozilla/5.0 (X11; Linux x86_64) AppleWebKit/537.36 (KHTML, like Gecko) Chrome/92.0.4515.131 Safari/537.36"
::1 - - [26/Aug/2021:06:22:29 +0000] "GET /css/chat_box.css HTTP/1.1" 404 155 "http://localhost:3000/" "Mozilla/5.0 (X11; Linux x86_64) AppleWebKit/537.36 (KHTML, like Gecko) Chrome/92.0.4515.131 Safari/537.36"
::1 - - [26/Aug/2021:06:22:29 +0000] "GET /js/home_post_comments.js HTTP/1.1" 404 163 "http://localhost:3000/" "Mozilla/5.0 (X11; Linux x86_64) AppleWebKit/537.36 (KHTML, like Gecko) Chrome/92.0.4515.131 Safari/537.36"
::1 - - [26/Aug/2021:06:22:29 +0000] "GET /js/home_posts.js HTTP/1.1" 404 155 "http://localhost:3000/" "Mozilla/5.0 (X11; Linux x86_64) AppleWebKit/537.36 (KHTML, like Gecko) Chrome/92.0.4515.131 Safari/537.36"
::1 - - [26/Aug/2021:06:22:29 +0000] "GET /js/toggle_likes.js HTTP/1.1" 404 157 "http://localhost:3000/" "Mozilla/5.0 (X11; Linux x86_64) AppleWebKit/537.36 (KHTML, like Gecko) Chrome/92.0.4515.131 Safari/537.36"
::1 - - [26/Aug/2021:06:22:29 +0000] "GET /js/chat_engine.js HTTP/1.1" 404 156 "http://localhost:3000/" "Mozilla/5.0 (X11; Linux x86_64) AppleWebKit/537.36 (KHTML, like Gecko) Chrome/92.0.4515.131 Safari/537.36"
::1 - - [26/Aug/2021:06:22:30 +0000] "GET / HTTP/1.1" 304 - "http://localhost:3000/users/sign-in" "Mozilla/5.0 (X11; Linux x86_64) AppleWebKit/537.36 (KHTML, like Gecko) Chrome/92.0.4515.131 Safari/537.36"
::1 - - [26/Aug/2021:06:22:30 +0000] "GET /css/layout.css HTTP/1.1" 404 153 "http://localhost:3000/" "Mozilla/5.0 (X11; Linux x86_64) AppleWebKit/537.36 (KHTML, like Gecko) Chrome/92.0.4515.131 Safari/537.36"
::1 - - [26/Aug/2021:06:22:30 +0000] "GET /css/header.css HTTP/1.1" 404 153 "http://localhost:3000/" "Mozilla/5.0 (X11; Linux x86_64) AppleWebKit/537.36 (KHTML, like Gecko) Chrome/92.0.4515.131 Safari/537.36"
::1 - - [26/Aug/2021:06:22:30 +0000] "GET /css/footer.css HTTP/1.1" 404 153 "http://localhost:3000/" "Mozilla/5.0 (X11; Linux x86_64) AppleWebKit/537.36 (KHTML, like Gecko) Chrome/92.0.4515.131 Safari/537.36"
::1 - - [26/Aug/2021:06:22:30 +0000] "GET /css/home.css HTTP/1.1" 404 151 "http://localhost:3000/" "Mozilla/5.0 (X11; Linux x86_64) AppleWebKit/537.36 (KHTML, like Gecko) Chrome/92.0.4515.131 Safari/537.36"
::1 - - [26/Aug/2021:06:22:30 +0000] "GET /css/chat_box.css HTTP/1.1" 404 155 "http://localhost:3000/" "Mozilla/5.0 (X11; Linux x86_64) AppleWebKit/537.36 (KHTML, like Gecko) Chrome/92.0.4515.131 Safari/537.36"
::1 - - [26/Aug/2021:06:22:30 +0000] "GET /js/home_post_comments.js HTTP/1.1" 404 163 "http://localhost:3000/" "Mozilla/5.0 (X11; Linux x86_64) AppleWebKit/537.36 (KHTML, like Gecko) Chrome/92.0.4515.131 Safari/537.36"
::1 - - [26/Aug/2021:06:22:30 +0000] "GET /js/home_posts.js HTTP/1.1" 404 155 "http://localhost:3000/" "Mozilla/5.0 (X11; Linux x86_64) AppleWebKit/537.36 (KHTML, like Gecko) Chrome/92.0.4515.131 Safari/537.36"
::1 - - [26/Aug/2021:06:22:30 +0000] "GET /js/toggle_likes.js HTTP/1.1" 404 157 "http://localhost:3000/" "Mozilla/5.0 (X11; Linux x86_64) AppleWebKit/537.36 (KHTML, like Gecko) Chrome/92.0.4515.131 Safari/537.36"
::1 - - [26/Aug/2021:06:22:30 +0000] "GET /js/chat_engine.js HTTP/1.1" 404 156 "http://localhost:3000/" "Mozilla/5.0 (X11; Linux x86_64) AppleWebKit/537.36 (KHTML, like Gecko) Chrome/92.0.4515.131 Safari/537.36"
::1 - - [26/Aug/2021:06:22:30 +0000] "GET / HTTP/1.1" 304 - "http://localhost:3000/users/sign-in" "Mozilla/5.0 (X11; Linux x86_64) AppleWebKit/537.36 (KHTML, like Gecko) Chrome/92.0.4515.131 Safari/537.36"
::1 - - [26/Aug/2021:06:22:30 +0000] "GET /css/layout.css HTTP/1.1" 404 153 "http://localhost:3000/" "Mozilla/5.0 (X11; Linux x86_64) AppleWebKit/537.36 (KHTML, like Gecko) Chrome/92.0.4515.131 Safari/537.36"
::1 - - [26/Aug/2021:06:22:30 +0000] "GET /css/header.css HTTP/1.1" 404 153 "http://localhost:3000/" "Mozilla/5.0 (X11; Linux x86_64) AppleWebKit/537.36 (KHTML, like Gecko) Chrome/92.0.4515.131 Safari/537.36"
::1 - - [26/Aug/2021:06:22:30 +0000] "GET /css/footer.css HTTP/1.1" 404 153 "http://localhost:3000/" "Mozilla/5.0 (X11; Linux x86_64) AppleWebKit/537.36 (KHTML, like Gecko) Chrome/92.0.4515.131 Safari/537.36"
::1 - - [26/Aug/2021:06:22:30 +0000] "GET /css/home.css HTTP/1.1" 404 151 "http://localhost:3000/" "Mozilla/5.0 (X11; Linux x86_64) AppleWebKit/537.36 (KHTML, like Gecko) Chrome/92.0.4515.131 Safari/537.36"
::1 - - [26/Aug/2021:06:22:30 +0000] "GET /css/chat_box.css HTTP/1.1" 404 155 "http://localhost:3000/" "Mozilla/5.0 (X11; Linux x86_64) AppleWebKit/537.36 (KHTML, like Gecko) Chrome/92.0.4515.131 Safari/537.36"
::1 - - [26/Aug/2021:06:22:30 +0000] "GET /js/home_post_comments.js HTTP/1.1" 404 163 "http://localhost:3000/" "Mozilla/5.0 (X11; Linux x86_64) AppleWebKit/537.36 (KHTML, like Gecko) Chrome/92.0.4515.131 Safari/537.36"
::1 - - [26/Aug/2021:06:22:30 +0000] "GET /js/home_posts.js HTTP/1.1" 404 155 "http://localhost:3000/" "Mozilla/5.0 (X11; Linux x86_64) AppleWebKit/537.36 (KHTML, like Gecko) Chrome/92.0.4515.131 Safari/537.36"
::1 - - [26/Aug/2021:06:22:30 +0000] "GET /js/toggle_likes.js HTTP/1.1" 404 157 "http://localhost:3000/" "Mozilla/5.0 (X11; Linux x86_64) AppleWebKit/537.36 (KHTML, like Gecko) Chrome/92.0.4515.131 Safari/537.36"
::1 - - [26/Aug/2021:06:22:30 +0000] "GET /js/chat_engine.js HTTP/1.1" 404 156 "http://localhost:3000/" "Mozilla/5.0 (X11; Linux x86_64) AppleWebKit/537.36 (KHTML, like Gecko) Chrome/92.0.4515.131 Safari/537.36"
::1 - - [26/Aug/2021:06:22:30 +0000] "GET / HTTP/1.1" 304 - "http://localhost:3000/users/sign-in" "Mozilla/5.0 (X11; Linux x86_64) AppleWebKit/537.36 (KHTML, like Gecko) Chrome/92.0.4515.131 Safari/537.36"
::1 - - [26/Aug/2021:06:22:30 +0000] "GET /css/layout.css HTTP/1.1" 404 153 "http://localhost:3000/" "Mozilla/5.0 (X11; Linux x86_64) AppleWebKit/537.36 (KHTML, like Gecko) Chrome/92.0.4515.131 Safari/537.36"
::1 - - [26/Aug/2021:06:22:30 +0000] "GET /css/header.css HTTP/1.1" 404 153 "http://localhost:3000/" "Mozilla/5.0 (X11; Linux x86_64) AppleWebKit/537.36 (KHTML, like Gecko) Chrome/92.0.4515.131 Safari/537.36"
::1 - - [26/Aug/2021:06:22:30 +0000] "GET /css/footer.css HTTP/1.1" 404 153 "http://localhost:3000/" "Mozilla/5.0 (X11; Linux x86_64) AppleWebKit/537.36 (KHTML, like Gecko) Chrome/92.0.4515.131 Safari/537.36"
::1 - - [26/Aug/2021:06:22:30 +0000] "GET /css/home.css HTTP/1.1" 404 151 "http://localhost:3000/" "Mozilla/5.0 (X11; Linux x86_64) AppleWebKit/537.36 (KHTML, like Gecko) Chrome/92.0.4515.131 Safari/537.36"
::1 - - [26/Aug/2021:06:22:30 +0000] "GET /css/chat_box.css HTTP/1.1" 404 155 "http://localhost:3000/" "Mozilla/5.0 (X11; Linux x86_64) AppleWebKit/537.36 (KHTML, like Gecko) Chrome/92.0.4515.131 Safari/537.36"
::1 - - [26/Aug/2021:06:22:30 +0000] "GET /js/home_post_comments.js HTTP/1.1" 404 163 "http://localhost:3000/" "Mozilla/5.0 (X11; Linux x86_64) AppleWebKit/537.36 (KHTML, like Gecko) Chrome/92.0.4515.131 Safari/537.36"
::1 - - [26/Aug/2021:06:22:30 +0000] "GET /js/home_posts.js HTTP/1.1" 404 155 "http://localhost:3000/" "Mozilla/5.0 (X11; Linux x86_64) AppleWebKit/537.36 (KHTML, like Gecko) Chrome/92.0.4515.131 Safari/537.36"
::1 - - [26/Aug/2021:06:22:30 +0000] "GET /js/toggle_likes.js HTTP/1.1" 404 157 "http://localhost:3000/" "Mozilla/5.0 (X11; Linux x86_64) AppleWebKit/537.36 (KHTML, like Gecko) Chrome/92.0.4515.131 Safari/537.36"
::1 - - [26/Aug/2021:06:22:30 +0000] "GET /js/chat_engine.js HTTP/1.1" 404 156 "http://localhost:3000/" "Mozilla/5.0 (X11; Linux x86_64) AppleWebKit/537.36 (KHTML, like Gecko) Chrome/92.0.4515.131 Safari/537.36"
::1 - - [26/Aug/2021:06:22:30 +0000] "GET / HTTP/1.1" 304 - "http://localhost:3000/users/sign-in" "Mozilla/5.0 (X11; Linux x86_64) AppleWebKit/537.36 (KHTML, like Gecko) Chrome/92.0.4515.131 Safari/537.36"
::1 - - [26/Aug/2021:06:22:30 +0000] "GET /css/layout.css HTTP/1.1" 404 153 "http://localhost:3000/" "Mozilla/5.0 (X11; Linux x86_64) AppleWebKit/537.36 (KHTML, like Gecko) Chrome/92.0.4515.131 Safari/537.36"
::1 - - [26/Aug/2021:06:22:30 +0000] "GET /css/header.css HTTP/1.1" 404 153 "http://localhost:3000/" "Mozilla/5.0 (X11; Linux x86_64) AppleWebKit/537.36 (KHTML, like Gecko) Chrome/92.0.4515.131 Safari/537.36"
::1 - - [26/Aug/2021:06:22:30 +0000] "GET /css/footer.css HTTP/1.1" 404 153 "http://localhost:3000/" "Mozilla/5.0 (X11; Linux x86_64) AppleWebKit/537.36 (KHTML, like Gecko) Chrome/92.0.4515.131 Safari/537.36"
::1 - - [26/Aug/2021:06:22:30 +0000] "GET /css/home.css HTTP/1.1" 404 151 "http://localhost:3000/" "Mozilla/5.0 (X11; Linux x86_64) AppleWebKit/537.36 (KHTML, like Gecko) Chrome/92.0.4515.131 Safari/537.36"
::1 - - [26/Aug/2021:06:22:30 +0000] "GET /css/chat_box.css HTTP/1.1" 404 155 "http://localhost:3000/" "Mozilla/5.0 (X11; Linux x86_64) AppleWebKit/537.36 (KHTML, like Gecko) Chrome/92.0.4515.131 Safari/537.36"
::1 - - [26/Aug/2021:06:22:30 +0000] "GET /js/home_post_comments.js HTTP/1.1" 404 163 "http://localhost:3000/" "Mozilla/5.0 (X11; Linux x86_64) AppleWebKit/537.36 (KHTML, like Gecko) Chrome/92.0.4515.131 Safari/537.36"
::1 - - [26/Aug/2021:06:22:30 +0000] "GET /js/home_posts.js HTTP/1.1" 404 155 "http://localhost:3000/" "Mozilla/5.0 (X11; Linux x86_64) AppleWebKit/537.36 (KHTML, like Gecko) Chrome/92.0.4515.131 Safari/537.36"
::1 - - [26/Aug/2021:06:22:30 +0000] "GET /js/chat_engine.js HTTP/1.1" 404 156 "http://localhost:3000/" "Mozilla/5.0 (X11; Linux x86_64) AppleWebKit/537.36 (KHTML, like Gecko) Chrome/92.0.4515.131 Safari/537.36"
::1 - - [26/Aug/2021:06:22:30 +0000] "GET /js/toggle_likes.js HTTP/1.1" 404 157 "http://localhost:3000/" "Mozilla/5.0 (X11; Linux x86_64) AppleWebKit/537.36 (KHTML, like Gecko) Chrome/92.0.4515.131 Safari/537.36"
::1 - - [26/Aug/2021:06:22:32 +0000] "GET /css/layout.css HTTP/1.1" 404 153 "http://localhost:3000/users/sign-in" "Mozilla/5.0 (X11; Linux x86_64) AppleWebKit/537.36 (KHTML, like Gecko) Chrome/92.0.4515.131 Safari/537.36"
::1 - - [26/Aug/2021:06:22:32 +0000] "GET /css/header.css HTTP/1.1" 404 153 "http://localhost:3000/users/sign-in" "Mozilla/5.0 (X11; Linux x86_64) AppleWebKit/537.36 (KHTML, like Gecko) Chrome/92.0.4515.131 Safari/537.36"
::1 - - [26/Aug/2021:06:22:32 +0000] "GET /css/footer.css HTTP/1.1" 404 153 "http://localhost:3000/users/sign-in" "Mozilla/5.0 (X11; Linux x86_64) AppleWebKit/537.36 (KHTML, like Gecko) Chrome/92.0.4515.131 Safari/537.36"
::1 - - [26/Aug/2021:06:22:33 +0000] "GET /users/sign-in HTTP/1.1" 200 2130 "http://localhost:3000/users/sign-up" "Mozilla/5.0 (X11; Linux x86_64) AppleWebKit/537.36 (KHTML, like Gecko) Chrome/92.0.4515.131 Safari/537.36"
::1 - - [26/Aug/2021:06:22:33 +0000] "GET /css/layout.css HTTP/1.1" 404 153 "http://localhost:3000/users/sign-in" "Mozilla/5.0 (X11; Linux x86_64) AppleWebKit/537.36 (KHTML, like Gecko) Chrome/92.0.4515.131 Safari/537.36"
::1 - - [26/Aug/2021:06:22:33 +0000] "GET /css/header.css HTTP/1.1" 404 153 "http://localhost:3000/users/sign-in" "Mozilla/5.0 (X11; Linux x86_64) AppleWebKit/537.36 (KHTML, like Gecko) Chrome/92.0.4515.131 Safari/537.36"
::1 - - [26/Aug/2021:06:22:33 +0000] "GET /css/footer.css HTTP/1.1" 404 153 "http://localhost:3000/users/sign-in" "Mozilla/5.0 (X11; Linux x86_64) AppleWebKit/537.36 (KHTML, like Gecko) Chrome/92.0.4515.131 Safari/537.36"
::1 - - [26/Aug/2021:06:22:34 +0000] "GET /users/sign-in HTTP/1.1" 304 - "http://localhost:3000/users/sign-up" "Mozilla/5.0 (X11; Linux x86_64) AppleWebKit/537.36 (KHTML, like Gecko) Chrome/92.0.4515.131 Safari/537.36"
::1 - - [26/Aug/2021:06:22:34 +0000] "GET /css/layout.css HTTP/1.1" 404 153 "http://localhost:3000/users/sign-in" "Mozilla/5.0 (X11; Linux x86_64) AppleWebKit/537.36 (KHTML, like Gecko) Chrome/92.0.4515.131 Safari/537.36"
::1 - - [26/Aug/2021:06:22:34 +0000] "GET /css/header.css HTTP/1.1" 404 153 "http://localhost:3000/users/sign-in" "Mozilla/5.0 (X11; Linux x86_64) AppleWebKit/537.36 (KHTML, like Gecko) Chrome/92.0.4515.131 Safari/537.36"
::1 - - [26/Aug/2021:06:22:34 +0000] "GET /css/footer.css HTTP/1.1" 404 153 "http://localhost:3000/users/sign-in" "Mozilla/5.0 (X11; Linux x86_64) AppleWebKit/537.36 (KHTML, like Gecko) Chrome/92.0.4515.131 Safari/537.36"
::1 - - [26/Aug/2021:06:22:48 +0000] "GET /users/sign-in HTTP/1.1" 304 - "http://localhost:3000/users/sign-up" "Mozilla/5.0 (X11; Linux x86_64) AppleWebKit/537.36 (KHTML, like Gecko) Chrome/92.0.4515.131 Safari/537.36"
::1 - - [26/Aug/2021:06:22:48 +0000] "GET /css/layout.css HTTP/1.1" 404 153 "http://localhost:3000/users/sign-in" "Mozilla/5.0 (X11; Linux x86_64) AppleWebKit/537.36 (KHTML, like Gecko) Chrome/92.0.4515.131 Safari/537.36"
::1 - - [26/Aug/2021:06:22:48 +0000] "GET /css/header.css HTTP/1.1" 404 153 "http://localhost:3000/users/sign-in" "Mozilla/5.0 (X11; Linux x86_64) AppleWebKit/537.36 (KHTML, like Gecko) Chrome/92.0.4515.131 Safari/537.36"
::1 - - [26/Aug/2021:06:22:48 +0000] "GET /css/footer.css HTTP/1.1" 404 153 "http://localhost:3000/users/sign-in" "Mozilla/5.0 (X11; Linux x86_64) AppleWebKit/537.36 (KHTML, like Gecko) Chrome/92.0.4515.131 Safari/537.36"
::1 - - [26/Aug/2021:06:22:50 +0000] "GET /users/sign-in HTTP/1.1" 304 - "http://localhost:3000/users/sign-up" "Mozilla/5.0 (X11; Linux x86_64) AppleWebKit/537.36 (KHTML, like Gecko) Chrome/92.0.4515.131 Safari/537.36"
::1 - - [26/Aug/2021:06:22:50 +0000] "GET /css/header.css HTTP/1.1" 404 153 "http://localhost:3000/users/sign-in" "Mozilla/5.0 (X11; Linux x86_64) AppleWebKit/537.36 (KHTML, like Gecko) Chrome/92.0.4515.131 Safari/537.36"
::1 - - [26/Aug/2021:06:22:50 +0000] "GET /css/layout.css HTTP/1.1" 404 153 "http://localhost:3000/users/sign-in" "Mozilla/5.0 (X11; Linux x86_64) AppleWebKit/537.36 (KHTML, like Gecko) Chrome/92.0.4515.131 Safari/537.36"
::1 - - [26/Aug/2021:06:22:50 +0000] "GET /css/footer.css HTTP/1.1" 404 153 "http://localhost:3000/users/sign-in" "Mozilla/5.0 (X11; Linux x86_64) AppleWebKit/537.36 (KHTML, like Gecko) Chrome/92.0.4515.131 Safari/537.36"
::1 - - [26/Aug/2021:06:25:41 +0000] "GET /users/sign-in HTTP/1.1" 304 - "http://localhost:3000/users/sign-up" "Mozilla/5.0 (X11; Linux x86_64) AppleWebKit/537.36 (KHTML, like Gecko) Chrome/92.0.4515.131 Safari/537.36"
::1 - - [26/Aug/2021:06:25:41 +0000] "GET /css/layout.css HTTP/1.1" 404 153 "http://localhost:3000/users/sign-in" "Mozilla/5.0 (X11; Linux x86_64) AppleWebKit/537.36 (KHTML, like Gecko) Chrome/92.0.4515.131 Safari/537.36"
::1 - - [26/Aug/2021:06:25:41 +0000] "GET /css/footer.css HTTP/1.1" 404 153 "http://localhost:3000/users/sign-in" "Mozilla/5.0 (X11; Linux x86_64) AppleWebKit/537.36 (KHTML, like Gecko) Chrome/92.0.4515.131 Safari/537.36"
::1 - - [26/Aug/2021:06:25:41 +0000] "GET /css/header.css HTTP/1.1" 404 153 "http://localhost:3000/users/sign-in" "Mozilla/5.0 (X11; Linux x86_64) AppleWebKit/537.36 (KHTML, like Gecko) Chrome/92.0.4515.131 Safari/537.36"
::1 - - [26/Aug/2021:06:25:41 +0000] "GET /users/sign-in HTTP/1.1" 304 - "http://localhost:3000/users/sign-up" "Mozilla/5.0 (X11; Linux x86_64) AppleWebKit/537.36 (KHTML, like Gecko) Chrome/92.0.4515.131 Safari/537.36"
::1 - - [26/Aug/2021:06:25:41 +0000] "GET /css/layout.css HTTP/1.1" 404 153 "http://localhost:3000/users/sign-in" "Mozilla/5.0 (X11; Linux x86_64) AppleWebKit/537.36 (KHTML, like Gecko) Chrome/92.0.4515.131 Safari/537.36"
::1 - - [26/Aug/2021:06:25:41 +0000] "GET /css/header.css HTTP/1.1" 404 153 "http://localhost:3000/users/sign-in" "Mozilla/5.0 (X11; Linux x86_64) AppleWebKit/537.36 (KHTML, like Gecko) Chrome/92.0.4515.131 Safari/537.36"
::1 - - [26/Aug/2021:06:25:41 +0000] "GET /css/footer.css HTTP/1.1" 404 153 "http://localhost:3000/users/sign-in" "Mozilla/5.0 (X11; Linux x86_64) AppleWebKit/537.36 (KHTML, like Gecko) Chrome/92.0.4515.131 Safari/537.36"
::1 - - [26/Aug/2021:06:25:42 +0000] "GET /users/sign-in HTTP/1.1" 304 - "http://localhost:3000/users/sign-up" "Mozilla/5.0 (X11; Linux x86_64) AppleWebKit/537.36 (KHTML, like Gecko) Chrome/92.0.4515.131 Safari/537.36"
::1 - - [26/Aug/2021:06:25:42 +0000] "GET /css/layout.css HTTP/1.1" 404 153 "http://localhost:3000/users/sign-in" "Mozilla/5.0 (X11; Linux x86_64) AppleWebKit/537.36 (KHTML, like Gecko) Chrome/92.0.4515.131 Safari/537.36"
::1 - - [26/Aug/2021:06:25:42 +0000] "GET /css/header.css HTTP/1.1" 404 153 "http://localhost:3000/users/sign-in" "Mozilla/5.0 (X11; Linux x86_64) AppleWebKit/537.36 (KHTML, like Gecko) Chrome/92.0.4515.131 Safari/537.36"
::1 - - [26/Aug/2021:06:25:42 +0000] "GET /css/footer.css HTTP/1.1" 404 153 "http://localhost:3000/users/sign-in" "Mozilla/5.0 (X11; Linux x86_64) AppleWebKit/537.36 (KHTML, like Gecko) Chrome/92.0.4515.131 Safari/537.36"
::1 - - [26/Aug/2021:06:25:42 +0000] "GET /users/sign-in HTTP/1.1" 304 - "http://localhost:3000/users/sign-up" "Mozilla/5.0 (X11; Linux x86_64) AppleWebKit/537.36 (KHTML, like Gecko) Chrome/92.0.4515.131 Safari/537.36"
::1 - - [26/Aug/2021:06:25:42 +0000] "GET /css/layout.css HTTP/1.1" 404 153 "http://localhost:3000/users/sign-in" "Mozilla/5.0 (X11; Linux x86_64) AppleWebKit/537.36 (KHTML, like Gecko) Chrome/92.0.4515.131 Safari/537.36"
::1 - - [26/Aug/2021:06:25:42 +0000] "GET /css/header.css HTTP/1.1" 404 153 "http://localhost:3000/users/sign-in" "Mozilla/5.0 (X11; Linux x86_64) AppleWebKit/537.36 (KHTML, like Gecko) Chrome/92.0.4515.131 Safari/537.36"
::1 - - [26/Aug/2021:06:25:42 +0000] "GET /css/footer.css HTTP/1.1" 404 153 "http://localhost:3000/users/sign-in" "Mozilla/5.0 (X11; Linux x86_64) AppleWebKit/537.36 (KHTML, like Gecko) Chrome/92.0.4515.131 Safari/537.36"
::1 - - [26/Aug/2021:06:47:33 +0000] "GET /users/sign-in HTTP/1.1" 304 - "http://localhost:3000/users/sign-up" "Mozilla/5.0 (X11; Linux x86_64) AppleWebKit/537.36 (KHTML, like Gecko) Chrome/92.0.4515.131 Safari/537.36"
::1 - - [26/Aug/2021:06:47:34 +0000] "GET /css/layout.css HTTP/1.1" 404 153 "http://localhost:3000/users/sign-in" "Mozilla/5.0 (X11; Linux x86_64) AppleWebKit/537.36 (KHTML, like Gecko) Chrome/92.0.4515.131 Safari/537.36"
::1 - - [26/Aug/2021:06:47:34 +0000] "GET /css/header.css HTTP/1.1" 404 153 "http://localhost:3000/users/sign-in" "Mozilla/5.0 (X11; Linux x86_64) AppleWebKit/537.36 (KHTML, like Gecko) Chrome/92.0.4515.131 Safari/537.36"
::1 - - [26/Aug/2021:06:47:34 +0000] "GET /css/footer.css HTTP/1.1" 404 153 "http://localhost:3000/users/sign-in" "Mozilla/5.0 (X11; Linux x86_64) AppleWebKit/537.36 (KHTML, like Gecko) Chrome/92.0.4515.131 Safari/537.36"
::1 - - [26/Aug/2021:06:47:34 +0000] "GET /users/sign-in HTTP/1.1" 304 - "http://localhost:3000/users/sign-up" "Mozilla/5.0 (X11; Linux x86_64) AppleWebKit/537.36 (KHTML, like Gecko) Chrome/92.0.4515.131 Safari/537.36"
::1 - - [26/Aug/2021:06:47:34 +0000] "GET /css/layout.css HTTP/1.1" 404 153 "http://localhost:3000/users/sign-in" "Mozilla/5.0 (X11; Linux x86_64) AppleWebKit/537.36 (KHTML, like Gecko) Chrome/92.0.4515.131 Safari/537.36"
::1 - - [26/Aug/2021:06:47:34 +0000] "GET /css/header.css HTTP/1.1" 404 153 "http://localhost:3000/users/sign-in" "Mozilla/5.0 (X11; Linux x86_64) AppleWebKit/537.36 (KHTML, like Gecko) Chrome/92.0.4515.131 Safari/537.36"
::1 - - [26/Aug/2021:06:47:34 +0000] "GET /css/footer.css HTTP/1.1" 404 153 "http://localhost:3000/users/sign-in" "Mozilla/5.0 (X11; Linux x86_64) AppleWebKit/537.36 (KHTML, like Gecko) Chrome/92.0.4515.131 Safari/537.36"
::1 - - [26/Aug/2021:06:47:35 +0000] "GET /users/sign-in HTTP/1.1" 304 - "http://localhost:3000/users/sign-up" "Mozilla/5.0 (X11; Linux x86_64) AppleWebKit/537.36 (KHTML, like Gecko) Chrome/92.0.4515.131 Safari/537.36"
::1 - - [26/Aug/2021:06:47:35 +0000] "GET /css/layout.css HTTP/1.1" 404 153 "http://localhost:3000/users/sign-in" "Mozilla/5.0 (X11; Linux x86_64) AppleWebKit/537.36 (KHTML, like Gecko) Chrome/92.0.4515.131 Safari/537.36"
::1 - - [26/Aug/2021:06:47:35 +0000] "GET /css/header.css HTTP/1.1" 404 153 "http://localhost:3000/users/sign-in" "Mozilla/5.0 (X11; Linux x86_64) AppleWebKit/537.36 (KHTML, like Gecko) Chrome/92.0.4515.131 Safari/537.36"
::1 - - [26/Aug/2021:06:47:35 +0000] "GET /css/footer.css HTTP/1.1" 404 153 "http://localhost:3000/users/sign-in" "Mozilla/5.0 (X11; Linux x86_64) AppleWebKit/537.36 (KHTML, like Gecko) Chrome/92.0.4515.131 Safari/537.36"
::1 - - [26/Aug/2021:06:47:35 +0000] "GET /users/sign-in HTTP/1.1" 304 - "http://localhost:3000/users/sign-up" "Mozilla/5.0 (X11; Linux x86_64) AppleWebKit/537.36 (KHTML, like Gecko) Chrome/92.0.4515.131 Safari/537.36"
::1 - - [26/Aug/2021:06:47:35 +0000] "GET /css/layout.css HTTP/1.1" 404 153 "http://localhost:3000/users/sign-in" "Mozilla/5.0 (X11; Linux x86_64) AppleWebKit/537.36 (KHTML, like Gecko) Chrome/92.0.4515.131 Safari/537.36"
::1 - - [26/Aug/2021:06:47:35 +0000] "GET /css/header.css HTTP/1.1" 404 153 "http://localhost:3000/users/sign-in" "Mozilla/5.0 (X11; Linux x86_64) AppleWebKit/537.36 (KHTML, like Gecko) Chrome/92.0.4515.131 Safari/537.36"
::1 - - [26/Aug/2021:06:47:35 +0000] "GET /css/footer.css HTTP/1.1" 404 153 "http://localhost:3000/users/sign-in" "Mozilla/5.0 (X11; Linux x86_64) AppleWebKit/537.36 (KHTML, like Gecko) Chrome/92.0.4515.131 Safari/537.36"
::1 - - [26/Aug/2021:06:47:35 +0000] "GET /users/sign-in HTTP/1.1" 304 - "http://localhost:3000/users/sign-up" "Mozilla/5.0 (X11; Linux x86_64) AppleWebKit/537.36 (KHTML, like Gecko) Chrome/92.0.4515.131 Safari/537.36"
::1 - - [26/Aug/2021:06:47:35 +0000] "GET /css/layout.css HTTP/1.1" 404 153 "http://localhost:3000/users/sign-in" "Mozilla/5.0 (X11; Linux x86_64) AppleWebKit/537.36 (KHTML, like Gecko) Chrome/92.0.4515.131 Safari/537.36"
::1 - - [26/Aug/2021:06:47:35 +0000] "GET /css/header.css HTTP/1.1" 404 153 "http://localhost:3000/users/sign-in" "Mozilla/5.0 (X11; Linux x86_64) AppleWebKit/537.36 (KHTML, like Gecko) Chrome/92.0.4515.131 Safari/537.36"
::1 - - [26/Aug/2021:06:47:35 +0000] "GET /css/footer.css HTTP/1.1" 404 153 "http://localhost:3000/users/sign-in" "Mozilla/5.0 (X11; Linux x86_64) AppleWebKit/537.36 (KHTML, like Gecko) Chrome/92.0.4515.131 Safari/537.36"
::1 - - [26/Aug/2021:06:47:37 +0000] "GET / HTTP/1.1" 304 - "http://localhost:3000/users/sign-in" "Mozilla/5.0 (X11; Linux x86_64) AppleWebKit/537.36 (KHTML, like Gecko) Chrome/92.0.4515.131 Safari/537.36"
::1 - - [26/Aug/2021:06:47:37 +0000] "GET /css/layout.css HTTP/1.1" 404 153 "http://localhost:3000/" "Mozilla/5.0 (X11; Linux x86_64) AppleWebKit/537.36 (KHTML, like Gecko) Chrome/92.0.4515.131 Safari/537.36"
::1 - - [26/Aug/2021:06:47:37 +0000] "GET /css/footer.css HTTP/1.1" 404 153 "http://localhost:3000/" "Mozilla/5.0 (X11; Linux x86_64) AppleWebKit/537.36 (KHTML, like Gecko) Chrome/92.0.4515.131 Safari/537.36"
::1 - - [26/Aug/2021:06:47:37 +0000] "GET /css/home.css HTTP/1.1" 404 151 "http://localhost:3000/" "Mozilla/5.0 (X11; Linux x86_64) AppleWebKit/537.36 (KHTML, like Gecko) Chrome/92.0.4515.131 Safari/537.36"
::1 - - [26/Aug/2021:06:47:37 +0000] "GET /css/header.css HTTP/1.1" 404 153 "http://localhost:3000/" "Mozilla/5.0 (X11; Linux x86_64) AppleWebKit/537.36 (KHTML, like Gecko) Chrome/92.0.4515.131 Safari/537.36"
::1 - - [26/Aug/2021:06:47:37 +0000] "GET /css/chat_box.css HTTP/1.1" 404 155 "http://localhost:3000/" "Mozilla/5.0 (X11; Linux x86_64) AppleWebKit/537.36 (KHTML, like Gecko) Chrome/92.0.4515.131 Safari/537.36"
::1 - - [26/Aug/2021:06:47:37 +0000] "GET /js/home_post_comments.js HTTP/1.1" 404 163 "http://localhost:3000/" "Mozilla/5.0 (X11; Linux x86_64) AppleWebKit/537.36 (KHTML, like Gecko) Chrome/92.0.4515.131 Safari/537.36"
::1 - - [26/Aug/2021:06:47:37 +0000] "GET /js/home_posts.js HTTP/1.1" 404 155 "http://localhost:3000/" "Mozilla/5.0 (X11; Linux x86_64) AppleWebKit/537.36 (KHTML, like Gecko) Chrome/92.0.4515.131 Safari/537.36"
::1 - - [26/Aug/2021:06:47:37 +0000] "GET /js/toggle_likes.js HTTP/1.1" 404 157 "http://localhost:3000/" "Mozilla/5.0 (X11; Linux x86_64) AppleWebKit/537.36 (KHTML, like Gecko) Chrome/92.0.4515.131 Safari/537.36"
::1 - - [26/Aug/2021:06:47:37 +0000] "GET /js/chat_engine.js HTTP/1.1" 404 156 "http://localhost:3000/" "Mozilla/5.0 (X11; Linux x86_64) AppleWebKit/537.36 (KHTML, like Gecko) Chrome/92.0.4515.131 Safari/537.36"
::1 - - [26/Aug/2021:06:47:38 +0000] "GET / HTTP/1.1" 304 - "http://localhost:3000/users/sign-in" "Mozilla/5.0 (X11; Linux x86_64) AppleWebKit/537.36 (KHTML, like Gecko) Chrome/92.0.4515.131 Safari/537.36"
::1 - - [26/Aug/2021:06:47:38 +0000] "GET /css/layout.css HTTP/1.1" 404 153 "http://localhost:3000/" "Mozilla/5.0 (X11; Linux x86_64) AppleWebKit/537.36 (KHTML, like Gecko) Chrome/92.0.4515.131 Safari/537.36"
::1 - - [26/Aug/2021:06:47:38 +0000] "GET /css/footer.css HTTP/1.1" 404 153 "http://localhost:3000/" "Mozilla/5.0 (X11; Linux x86_64) AppleWebKit/537.36 (KHTML, like Gecko) Chrome/92.0.4515.131 Safari/537.36"
::1 - - [26/Aug/2021:06:47:38 +0000] "GET /css/home.css HTTP/1.1" 404 151 "http://localhost:3000/" "Mozilla/5.0 (X11; Linux x86_64) AppleWebKit/537.36 (KHTML, like Gecko) Chrome/92.0.4515.131 Safari/537.36"
::1 - - [26/Aug/2021:06:47:38 +0000] "GET /css/header.css HTTP/1.1" 404 153 "http://localhost:3000/" "Mozilla/5.0 (X11; Linux x86_64) AppleWebKit/537.36 (KHTML, like Gecko) Chrome/92.0.4515.131 Safari/537.36"
::1 - - [26/Aug/2021:06:47:38 +0000] "GET /css/chat_box.css HTTP/1.1" 404 155 "http://localhost:3000/" "Mozilla/5.0 (X11; Linux x86_64) AppleWebKit/537.36 (KHTML, like Gecko) Chrome/92.0.4515.131 Safari/537.36"
::1 - - [26/Aug/2021:06:47:38 +0000] "GET /js/home_post_comments.js HTTP/1.1" 404 163 "http://localhost:3000/" "Mozilla/5.0 (X11; Linux x86_64) AppleWebKit/537.36 (KHTML, like Gecko) Chrome/92.0.4515.131 Safari/537.36"
::1 - - [26/Aug/2021:06:47:38 +0000] "GET /js/home_posts.js HTTP/1.1" 404 155 "http://localhost:3000/" "Mozilla/5.0 (X11; Linux x86_64) AppleWebKit/537.36 (KHTML, like Gecko) Chrome/92.0.4515.131 Safari/537.36"
::1 - - [26/Aug/2021:06:47:38 +0000] "GET /js/chat_engine.js HTTP/1.1" 404 156 "http://localhost:3000/" "Mozilla/5.0 (X11; Linux x86_64) AppleWebKit/537.36 (KHTML, like Gecko) Chrome/92.0.4515.131 Safari/537.36"
::1 - - [26/Aug/2021:06:47:38 +0000] "GET /js/toggle_likes.js HTTP/1.1" 404 157 "http://localhost:3000/" "Mozilla/5.0 (X11; Linux x86_64) AppleWebKit/537.36 (KHTML, like Gecko) Chrome/92.0.4515.131 Safari/537.36"
::1 - - [26/Aug/2021:06:47:38 +0000] "GET /js/chat_engine.js HTTP/1.1" 404 156 "http://localhost:3000/" "Mozilla/5.0 (X11; Linux x86_64) AppleWebKit/537.36 (KHTML, like Gecko) Chrome/92.0.4515.131 Safari/537.36"
::1 - - [26/Aug/2021:06:57:55 +0000] "GET / HTTP/1.1" 304 - "http://localhost:3000/users/sign-in" "Mozilla/5.0 (X11; Linux x86_64) AppleWebKit/537.36 (KHTML, like Gecko) Chrome/92.0.4515.131 Safari/537.36"
::1 - - [26/Aug/2021:06:57:55 +0000] "GET /css/layout.css HTTP/1.1" 404 153 "http://localhost:3000/" "Mozilla/5.0 (X11; Linux x86_64) AppleWebKit/537.36 (KHTML, like Gecko) Chrome/92.0.4515.131 Safari/537.36"
::1 - - [26/Aug/2021:06:57:55 +0000] "GET /css/header.css HTTP/1.1" 404 153 "http://localhost:3000/" "Mozilla/5.0 (X11; Linux x86_64) AppleWebKit/537.36 (KHTML, like Gecko) Chrome/92.0.4515.131 Safari/537.36"
::1 - - [26/Aug/2021:06:57:55 +0000] "GET /css/footer.css HTTP/1.1" 404 153 "http://localhost:3000/" "Mozilla/5.0 (X11; Linux x86_64) AppleWebKit/537.36 (KHTML, like Gecko) Chrome/92.0.4515.131 Safari/537.36"
::1 - - [26/Aug/2021:06:57:55 +0000] "GET /css/home.css HTTP/1.1" 404 151 "http://localhost:3000/" "Mozilla/5.0 (X11; Linux x86_64) AppleWebKit/537.36 (KHTML, like Gecko) Chrome/92.0.4515.131 Safari/537.36"
::1 - - [26/Aug/2021:06:57:55 +0000] "GET /js/home_post_comments.js HTTP/1.1" 404 163 "http://localhost:3000/" "Mozilla/5.0 (X11; Linux x86_64) AppleWebKit/537.36 (KHTML, like Gecko) Chrome/92.0.4515.131 Safari/537.36"
::1 - - [26/Aug/2021:06:57:55 +0000] "GET /css/chat_box.css HTTP/1.1" 404 155 "http://localhost:3000/" "Mozilla/5.0 (X11; Linux x86_64) AppleWebKit/537.36 (KHTML, like Gecko) Chrome/92.0.4515.131 Safari/537.36"
::1 - - [26/Aug/2021:06:57:55 +0000] "GET /js/home_posts.js HTTP/1.1" 404 155 "http://localhost:3000/" "Mozilla/5.0 (X11; Linux x86_64) AppleWebKit/537.36 (KHTML, like Gecko) Chrome/92.0.4515.131 Safari/537.36"
::1 - - [26/Aug/2021:06:57:55 +0000] "GET /js/toggle_likes.js HTTP/1.1" 404 157 "http://localhost:3000/" "Mozilla/5.0 (X11; Linux x86_64) AppleWebKit/537.36 (KHTML, like Gecko) Chrome/92.0.4515.131 Safari/537.36"
::1 - - [26/Aug/2021:06:57:55 +0000] "GET /js/chat_engine.js HTTP/1.1" 404 156 "http://localhost:3000/" "Mozilla/5.0 (X11; Linux x86_64) AppleWebKit/537.36 (KHTML, like Gecko) Chrome/92.0.4515.131 Safari/537.36"
[0mGET / [32m200[0m 92.965 ms - 16794[0m
[0mGET / [36m304[0m 58.540 ms - -[0m
[0mGET / [36m304[0m 39.921 ms - -[0m
[0mGET / [36m304[0m 45.508 ms - -[0m
[0mGET /users/sign-in [36m304[0m 19.234 ms - -[0m
[0mGET / [36m304[0m 48.887 ms - -[0m
[0mGET / [36m304[0m 52.801 ms - -[0m
::1 - - [26/Aug/2021:06:59:29 +0000] "GET / HTTP/1.1" 200 4306 "http://localhost:3000/users/sign-in" "Mozilla/5.0 (X11; Linux x86_64) AppleWebKit/537.36 (KHTML, like Gecko) Chrome/92.0.4515.131 Safari/537.36"
::1 - - [26/Aug/2021:06:59:29 +0000] "GET /css/header.css HTTP/1.1" 404 153 "http://localhost:3000/" "Mozilla/5.0 (X11; Linux x86_64) AppleWebKit/537.36 (KHTML, like Gecko) Chrome/92.0.4515.131 Safari/537.36"
::1 - - [26/Aug/2021:06:59:29 +0000] "GET /css/layout.css HTTP/1.1" 404 153 "http://localhost:3000/" "Mozilla/5.0 (X11; Linux x86_64) AppleWebKit/537.36 (KHTML, like Gecko) Chrome/92.0.4515.131 Safari/537.36"
::1 - - [26/Aug/2021:06:59:29 +0000] "GET /css/footer.css HTTP/1.1" 404 153 "http://localhost:3000/" "Mozilla/5.0 (X11; Linux x86_64) AppleWebKit/537.36 (KHTML, like Gecko) Chrome/92.0.4515.131 Safari/537.36"
::1 - - [26/Aug/2021:06:59:29 +0000] "GET /css/home.css HTTP/1.1" 404 151 "http://localhost:3000/" "Mozilla/5.0 (X11; Linux x86_64) AppleWebKit/537.36 (KHTML, like Gecko) Chrome/92.0.4515.131 Safari/537.36"
::1 - - [26/Aug/2021:06:59:29 +0000] "GET /css/chat_box.css HTTP/1.1" 404 155 "http://localhost:3000/" "Mozilla/5.0 (X11; Linux x86_64) AppleWebKit/537.36 (KHTML, like Gecko) Chrome/92.0.4515.131 Safari/537.36"
::1 - - [26/Aug/2021:06:59:29 +0000] "GET /js/home_post_comments.js HTTP/1.1" 404 163 "http://localhost:3000/" "Mozilla/5.0 (X11; Linux x86_64) AppleWebKit/537.36 (KHTML, like Gecko) Chrome/92.0.4515.131 Safari/537.36"
::1 - - [26/Aug/2021:06:59:29 +0000] "GET /js/toggle_likes.js HTTP/1.1" 404 157 "http://localhost:3000/" "Mozilla/5.0 (X11; Linux x86_64) AppleWebKit/537.36 (KHTML, like Gecko) Chrome/92.0.4515.131 Safari/537.36"
::1 - - [26/Aug/2021:06:59:29 +0000] "GET /js/home_posts.js HTTP/1.1" 404 155 "http://localhost:3000/" "Mozilla/5.0 (X11; Linux x86_64) AppleWebKit/537.36 (KHTML, like Gecko) Chrome/92.0.4515.131 Safari/537.36"
::1 - - [26/Aug/2021:06:59:29 +0000] "GET /js/chat_engine.js HTTP/1.1" 404 156 "http://localhost:3000/" "Mozilla/5.0 (X11; Linux x86_64) AppleWebKit/537.36 (KHTML, like Gecko) Chrome/92.0.4515.131 Safari/537.36"
::1 - - [26/Aug/2021:06:59:29 +0000] "GET /js/toggle_likes.js HTTP/1.1" 404 157 "http://localhost:3000/" "Mozilla/5.0 (X11; Linux x86_64) AppleWebKit/537.36 (KHTML, like Gecko) Chrome/92.0.4515.131 Safari/537.36"
::1 - - [26/Aug/2021:06:59:29 +0000] "GET /js/chat_engine.js HTTP/1.1" 404 156 "http://localhost:3000/" "Mozilla/5.0 (X11; Linux x86_64) AppleWebKit/537.36 (KHTML, like Gecko) Chrome/92.0.4515.131 Safari/537.36"
::1 - - [26/Aug/2021:06:59:31 +0000] "GET / HTTP/1.1" 304 - "http://localhost:3000/users/sign-in" "Mozilla/5.0 (X11; Linux x86_64) AppleWebKit/537.36 (KHTML, like Gecko) Chrome/92.0.4515.131 Safari/537.36"
::1 - - [26/Aug/2021:06:59:31 +0000] "GET /css/layout.css HTTP/1.1" 404 153 "http://localhost:3000/" "Mozilla/5.0 (X11; Linux x86_64) AppleWebKit/537.36 (KHTML, like Gecko) Chrome/92.0.4515.131 Safari/537.36"
::1 - - [26/Aug/2021:06:59:31 +0000] "GET /css/header.css HTTP/1.1" 404 153 "http://localhost:3000/" "Mozilla/5.0 (X11; Linux x86_64) AppleWebKit/537.36 (KHTML, like Gecko) Chrome/92.0.4515.131 Safari/537.36"
::1 - - [26/Aug/2021:06:59:31 +0000] "GET /css/footer.css HTTP/1.1" 404 153 "http://localhost:3000/" "Mozilla/5.0 (X11; Linux x86_64) AppleWebKit/537.36 (KHTML, like Gecko) Chrome/92.0.4515.131 Safari/537.36"
::1 - - [26/Aug/2021:06:59:31 +0000] "GET /css/home.css HTTP/1.1" 404 151 "http://localhost:3000/" "Mozilla/5.0 (X11; Linux x86_64) AppleWebKit/537.36 (KHTML, like Gecko) Chrome/92.0.4515.131 Safari/537.36"
::1 - - [26/Aug/2021:06:59:31 +0000] "GET /css/chat_box.css HTTP/1.1" 404 155 "http://localhost:3000/" "Mozilla/5.0 (X11; Linux x86_64) AppleWebKit/537.36 (KHTML, like Gecko) Chrome/92.0.4515.131 Safari/537.36"
::1 - - [26/Aug/2021:06:59:31 +0000] "GET /js/home_post_comments.js HTTP/1.1" 404 163 "http://localhost:3000/" "Mozilla/5.0 (X11; Linux x86_64) AppleWebKit/537.36 (KHTML, like Gecko) Chrome/92.0.4515.131 Safari/537.36"
::1 - - [26/Aug/2021:06:59:31 +0000] "GET /js/home_posts.js HTTP/1.1" 404 155 "http://localhost:3000/" "Mozilla/5.0 (X11; Linux x86_64) AppleWebKit/537.36 (KHTML, like Gecko) Chrome/92.0.4515.131 Safari/537.36"
::1 - - [26/Aug/2021:06:59:31 +0000] "GET /js/toggle_likes.js HTTP/1.1" 404 157 "http://localhost:3000/" "Mozilla/5.0 (X11; Linux x86_64) AppleWebKit/537.36 (KHTML, like Gecko) Chrome/92.0.4515.131 Safari/537.36"
::1 - - [26/Aug/2021:06:59:31 +0000] "GET /js/chat_engine.js HTTP/1.1" 404 156 "http://localhost:3000/" "Mozilla/5.0 (X11; Linux x86_64) AppleWebKit/537.36 (KHTML, like Gecko) Chrome/92.0.4515.131 Safari/537.36"
::1 - - [26/Aug/2021:07:00:17 +0000] "GET / HTTP/1.1" 304 - "http://localhost:3000/users/sign-in" "Mozilla/5.0 (X11; Linux x86_64) AppleWebKit/537.36 (KHTML, like Gecko) Chrome/92.0.4515.131 Safari/537.36"
::1 - - [26/Aug/2021:07:00:17 +0000] "GET /css/layout.css HTTP/1.1" 404 153 "http://localhost:3000/" "Mozilla/5.0 (X11; Linux x86_64) AppleWebKit/537.36 (KHTML, like Gecko) Chrome/92.0.4515.131 Safari/537.36"
::1 - - [26/Aug/2021:07:00:17 +0000] "GET /css/footer.css HTTP/1.1" 404 153 "http://localhost:3000/" "Mozilla/5.0 (X11; Linux x86_64) AppleWebKit/537.36 (KHTML, like Gecko) Chrome/92.0.4515.131 Safari/537.36"
::1 - - [26/Aug/2021:07:00:17 +0000] "GET /css/header.css HTTP/1.1" 404 153 "http://localhost:3000/" "Mozilla/5.0 (X11; Linux x86_64) AppleWebKit/537.36 (KHTML, like Gecko) Chrome/92.0.4515.131 Safari/537.36"
::1 - - [26/Aug/2021:07:00:17 +0000] "GET /css/home.css HTTP/1.1" 404 151 "http://localhost:3000/" "Mozilla/5.0 (X11; Linux x86_64) AppleWebKit/537.36 (KHTML, like Gecko) Chrome/92.0.4515.131 Safari/537.36"
::1 - - [26/Aug/2021:07:00:17 +0000] "GET /css/chat_box.css HTTP/1.1" 404 155 "http://localhost:3000/" "Mozilla/5.0 (X11; Linux x86_64) AppleWebKit/537.36 (KHTML, like Gecko) Chrome/92.0.4515.131 Safari/537.36"
::1 - - [26/Aug/2021:07:00:17 +0000] "GET /js/home_post_comments.js HTTP/1.1" 404 163 "http://localhost:3000/" "Mozilla/5.0 (X11; Linux x86_64) AppleWebKit/537.36 (KHTML, like Gecko) Chrome/92.0.4515.131 Safari/537.36"
::1 - - [26/Aug/2021:07:00:17 +0000] "GET /js/home_posts.js HTTP/1.1" 404 155 "http://localhost:3000/" "Mozilla/5.0 (X11; Linux x86_64) AppleWebKit/537.36 (KHTML, like Gecko) Chrome/92.0.4515.131 Safari/537.36"
::1 - - [26/Aug/2021:07:00:17 +0000] "GET /js/chat_engine.js HTTP/1.1" 404 156 "http://localhost:3000/" "Mozilla/5.0 (X11; Linux x86_64) AppleWebKit/537.36 (KHTML, like Gecko) Chrome/92.0.4515.131 Safari/537.36"
::1 - - [26/Aug/2021:07:00:17 +0000] "GET /js/toggle_likes.js HTTP/1.1" 404 157 "http://localhost:3000/" "Mozilla/5.0 (X11; Linux x86_64) AppleWebKit/537.36 (KHTML, like Gecko) Chrome/92.0.4515.131 Safari/537.36"
::1 - - [26/Aug/2021:07:00:17 +0000] "GET /js/chat_engine.js HTTP/1.1" 404 156 "http://localhost:3000/" "Mozilla/5.0 (X11; Linux x86_64) AppleWebKit/537.36 (KHTML, like Gecko) Chrome/92.0.4515.131 Safari/537.36"
::1 - - [26/Aug/2021:07:09:44 +0000] "GET / HTTP/1.1" 304 - "http://localhost:3000/users/sign-in" "Mozilla/5.0 (X11; Linux x86_64) AppleWebKit/537.36 (KHTML, like Gecko) Chrome/92.0.4515.131 Safari/537.36"
::1 - - [26/Aug/2021:07:09:44 +0000] "GET /css/layout.css HTTP/1.1" 404 153 "http://localhost:3000/" "Mozilla/5.0 (X11; Linux x86_64) AppleWebKit/537.36 (KHTML, like Gecko) Chrome/92.0.4515.131 Safari/537.36"
::1 - - [26/Aug/2021:07:09:44 +0000] "GET /css/header.css HTTP/1.1" 404 153 "http://localhost:3000/" "Mozilla/5.0 (X11; Linux x86_64) AppleWebKit/537.36 (KHTML, like Gecko) Chrome/92.0.4515.131 Safari/537.36"
::1 - - [26/Aug/2021:07:09:44 +0000] "GET /css/footer.css HTTP/1.1" 404 153 "http://localhost:3000/" "Mozilla/5.0 (X11; Linux x86_64) AppleWebKit/537.36 (KHTML, like Gecko) Chrome/92.0.4515.131 Safari/537.36"
::1 - - [26/Aug/2021:07:09:44 +0000] "GET /css/home.css HTTP/1.1" 404 151 "http://localhost:3000/" "Mozilla/5.0 (X11; Linux x86_64) AppleWebKit/537.36 (KHTML, like Gecko) Chrome/92.0.4515.131 Safari/537.36"
::1 - - [26/Aug/2021:07:09:44 +0000] "GET /css/chat_box.css HTTP/1.1" 404 155 "http://localhost:3000/" "Mozilla/5.0 (X11; Linux x86_64) AppleWebKit/537.36 (KHTML, like Gecko) Chrome/92.0.4515.131 Safari/537.36"
::1 - - [26/Aug/2021:07:09:44 +0000] "GET /js/home_post_comments.js HTTP/1.1" 404 163 "http://localhost:3000/" "Mozilla/5.0 (X11; Linux x86_64) AppleWebKit/537.36 (KHTML, like Gecko) Chrome/92.0.4515.131 Safari/537.36"
::1 - - [26/Aug/2021:07:09:44 +0000] "GET /js/home_posts.js HTTP/1.1" 404 155 "http://localhost:3000/" "Mozilla/5.0 (X11; Linux x86_64) AppleWebKit/537.36 (KHTML, like Gecko) Chrome/92.0.4515.131 Safari/537.36"
::1 - - [26/Aug/2021:07:09:44 +0000] "GET /js/toggle_likes.js HTTP/1.1" 404 157 "http://localhost:3000/" "Mozilla/5.0 (X11; Linux x86_64) AppleWebKit/537.36 (KHTML, like Gecko) Chrome/92.0.4515.131 Safari/537.36"
::1 - - [26/Aug/2021:07:09:44 +0000] "GET /js/chat_engine.js HTTP/1.1" 404 156 "http://localhost:3000/" "Mozilla/5.0 (X11; Linux x86_64) AppleWebKit/537.36 (KHTML, like Gecko) Chrome/92.0.4515.131 Safari/537.36"
::1 - - [26/Aug/2021:07:09:45 +0000] "GET / HTTP/1.1" 304 - "http://localhost:3000/users/sign-in" "Mozilla/5.0 (X11; Linux x86_64) AppleWebKit/537.36 (KHTML, like Gecko) Chrome/92.0.4515.131 Safari/537.36"
::1 - - [26/Aug/2021:07:09:45 +0000] "GET /css/layout.css HTTP/1.1" 404 153 "http://localhost:3000/" "Mozilla/5.0 (X11; Linux x86_64) AppleWebKit/537.36 (KHTML, like Gecko) Chrome/92.0.4515.131 Safari/537.36"
::1 - - [26/Aug/2021:07:09:45 +0000] "GET /css/header.css HTTP/1.1" 404 153 "http://localhost:3000/" "Mozilla/5.0 (X11; Linux x86_64) AppleWebKit/537.36 (KHTML, like Gecko) Chrome/92.0.4515.131 Safari/537.36"
::1 - - [26/Aug/2021:07:09:45 +0000] "GET /css/footer.css HTTP/1.1" 404 153 "http://localhost:3000/" "Mozilla/5.0 (X11; Linux x86_64) AppleWebKit/537.36 (KHTML, like Gecko) Chrome/92.0.4515.131 Safari/537.36"
::1 - - [26/Aug/2021:07:09:45 +0000] "GET /css/home.css HTTP/1.1" 404 151 "http://localhost:3000/" "Mozilla/5.0 (X11; Linux x86_64) AppleWebKit/537.36 (KHTML, like Gecko) Chrome/92.0.4515.131 Safari/537.36"
::1 - - [26/Aug/2021:07:09:45 +0000] "GET /css/chat_box.css HTTP/1.1" 404 155 "http://localhost:3000/" "Mozilla/5.0 (X11; Linux x86_64) AppleWebKit/537.36 (KHTML, like Gecko) Chrome/92.0.4515.131 Safari/537.36"
::1 - - [26/Aug/2021:07:09:45 +0000] "GET /js/home_post_comments.js HTTP/1.1" 404 163 "http://localhost:3000/" "Mozilla/5.0 (X11; Linux x86_64) AppleWebKit/537.36 (KHTML, like Gecko) Chrome/92.0.4515.131 Safari/537.36"
::1 - - [26/Aug/2021:07:09:45 +0000] "GET /js/home_posts.js HTTP/1.1" 404 155 "http://localhost:3000/" "Mozilla/5.0 (X11; Linux x86_64) AppleWebKit/537.36 (KHTML, like Gecko) Chrome/92.0.4515.131 Safari/537.36"
::1 - - [26/Aug/2021:07:09:45 +0000] "GET /js/toggle_likes.js HTTP/1.1" 404 157 "http://localhost:3000/" "Mozilla/5.0 (X11; Linux x86_64) AppleWebKit/537.36 (KHTML, like Gecko) Chrome/92.0.4515.131 Safari/537.36"
::1 - - [26/Aug/2021:07:09:45 +0000] "GET /js/chat_engine.js HTTP/1.1" 404 156 "http://localhost:3000/" "Mozilla/5.0 (X11; Linux x86_64) AppleWebKit/537.36 (KHTML, like Gecko) Chrome/92.0.4515.131 Safari/537.36"
